[2025-11-27 06:49:09] [error] Query error: SQLSTATE[42S22]: Column not found: 1054 Unknown column 'a.is_joint' in 'where clause' | {"sql":"SELECT\n                a.*,\n                fi.name AS institution_name,\n                fi.short_code AS institution_code,\n                fi.institution_type AS institution_type,\n                u.username,\n                u.display_name,\n                (SELECT COUNT(*) FROM transactions t WHERE t.account_id = a.id) AS transaction_count,\n                (SELECT SUM(CASE WHEN t.transaction_type = 'credit' THEN t.amount ELSE 0 END)\n                 FROM transactions t WHERE t.account_id = a.id\n                 AND t.transaction_date >= DATE_FORMAT(NOW(), '%Y-%m-01')) AS month_income,\n                (SELECT SUM(CASE WHEN t.transaction_type = 'debit' THEN ABS(t.amount) ELSE 0 END)\n                 FROM transactions t WHERE t.account_id = a.id\n                 AND t.transaction_date >= DATE_FORMAT(NOW(), '%Y-%m-01')) AS month_expenses\n            FROM accounts a\n            LEFT JOIN financial_institutions fi ON a.institution_id = fi.id\n            LEFT JOIN users u ON a.user_id = u.id\n            WHERE (a.user_id = :user_id OR a.is_joint = 1) AND a.is_active = 1\n            ORDER BY a.account_type, a.account_name"}
[2025-11-27 06:49:09] [error] Accounts API error: SQLSTATE[42S22]: Column not found: 1054 Unknown column 'a.is_joint' in 'where clause'
[2025-11-27 06:49:20] [error] Query error: SQLSTATE[42S22]: Column not found: 1054 Unknown column 'a.is_joint' in 'where clause' | {"sql":"SELECT\n                a.*,\n                fi.name AS institution_name,\n                fi.short_code AS institution_code,\n                fi.institution_type AS institution_type,\n                u.username,\n                u.display_name,\n                (SELECT COUNT(*) FROM transactions t WHERE t.account_id = a.id) AS transaction_count,\n                (SELECT SUM(CASE WHEN t.transaction_type = 'credit' THEN t.amount ELSE 0 END)\n                 FROM transactions t WHERE t.account_id = a.id\n                 AND t.transaction_date >= DATE_FORMAT(NOW(), '%Y-%m-01')) AS month_income,\n                (SELECT SUM(CASE WHEN t.transaction_type = 'debit' THEN ABS(t.amount) ELSE 0 END)\n                 FROM transactions t WHERE t.account_id = a.id\n                 AND t.transaction_date >= DATE_FORMAT(NOW(), '%Y-%m-01')) AS month_expenses\n            FROM accounts a\n            LEFT JOIN financial_institutions fi ON a.institution_id = fi.id\n            LEFT JOIN users u ON a.user_id = u.id\n            WHERE (a.user_id = :user_id OR a.is_joint = 1) AND a.is_active = 1\n            ORDER BY a.account_type, a.account_name"}
[2025-11-27 06:49:20] [error] Accounts API error: SQLSTATE[42S22]: Column not found: 1054 Unknown column 'a.is_joint' in 'where clause'
[2025-11-27 06:50:39] [error] Query error: SQLSTATE[42S22]: Column not found: 1054 Unknown column 'a.is_joint' in 'where clause' | {"sql":"SELECT\n                a.*,\n                fi.name AS institution_name,\n                fi.short_code AS institution_code,\n                fi.institution_type AS institution_type,\n                u.username,\n                u.display_name,\n                (SELECT COUNT(*) FROM transactions t WHERE t.account_id = a.id) AS transaction_count,\n                (SELECT SUM(CASE WHEN t.transaction_type = 'credit' THEN t.amount ELSE 0 END)\n                 FROM transactions t WHERE t.account_id = a.id\n                 AND t.transaction_date >= DATE_FORMAT(NOW(), '%Y-%m-01')) AS month_income,\n                (SELECT SUM(CASE WHEN t.transaction_type = 'debit' THEN ABS(t.amount) ELSE 0 END)\n                 FROM transactions t WHERE t.account_id = a.id\n                 AND t.transaction_date >= DATE_FORMAT(NOW(), '%Y-%m-01')) AS month_expenses\n            FROM accounts a\n            LEFT JOIN financial_institutions fi ON a.institution_id = fi.id\n            LEFT JOIN users u ON a.user_id = u.id\n            WHERE (a.user_id = :user_id OR a.is_joint = 1) AND a.is_active = 1\n            ORDER BY a.account_type, a.account_name"}
[2025-11-27 06:50:39] [error] Accounts API error: SQLSTATE[42S22]: Column not found: 1054 Unknown column 'a.is_joint' in 'where clause'
[2025-11-27 07:45:46] [error] Query error: SQLSTATE[HY000]: General error: 2006 MySQL server has gone away | {"sql":"SELECT * FROM monthly_reports\n         WHERE user_id = :user_id AND report_year = :year AND report_month = :month"}
[2025-11-27 07:45:46] [error] Reports API error: SQLSTATE[HY000]: General error: 2006 MySQL server has gone away
[2025-11-27 07:45:50] [error] Accounts API error: Database connection failed: SQLSTATE[HY000] [2002] No connection could be made because the target machine actively refused it
[2025-11-27 07:45:54] [error] Accounts API error: Database connection failed: SQLSTATE[HY000] [2002] No connection could be made because the target machine actively refused it
[2025-11-27 07:45:54] [error] Transactions list error: Database connection failed: SQLSTATE[HY000] [2002] No connection could be made because the target machine actively refused it
[2025-11-27 07:45:56] [error] Reports API error: Database connection failed: SQLSTATE[HY000] [2002] No connection could be made because the target machine actively refused it
[2025-11-27 07:45:58] [error] Categories API error: Database connection failed: SQLSTATE[HY000] [2002] No connection could be made because the target machine actively refused it
[2025-11-27 07:45:59] [error] Accounts API error: Database connection failed: SQLSTATE[HY000] [2002] No connection could be made because the target machine actively refused it
[2025-11-27 07:46:00] [error] Accounts API error: Database connection failed: SQLSTATE[HY000] [2002] No connection could be made because the target machine actively refused it
[2025-11-27 07:46:02] [error] Transactions list error: Database connection failed: SQLSTATE[HY000] [2002] No connection could be made because the target machine actively refused it
[2025-11-27 07:46:03] [error] Categories API error: Database connection failed: SQLSTATE[HY000] [2002] No connection could be made because the target machine actively refused it
[2025-11-27 07:46:04] [error] Transactions list error: Database connection failed: SQLSTATE[HY000] [2002] No connection could be made because the target machine actively refused it
[2025-11-27 07:46:07] [error] Transactions list error: Database connection failed: SQLSTATE[HY000] [2002] No connection could be made because the target machine actively refused it
[2025-11-27 07:46:23] [error] Accounts API error: Database connection failed: SQLSTATE[HY000] [2002] No connection could be made because the target machine actively refused it
[2025-11-27 08:02:57] [error] Reports API error: Database connection failed: SQLSTATE[HY000] [2002] No connection could be made because the target machine actively refused it
[2025-11-27 08:02:58] [error] Reports API error: Database connection failed: SQLSTATE[HY000] [2002] No connection could be made because the target machine actively refused it
[2025-11-27 08:03:02] [error] Reports API error: Database connection failed: SQLSTATE[HY000] [2002] No connection could be made because the target machine actively refused it
[2025-11-27 08:03:10] [error] Transactions list error: Database connection failed: SQLSTATE[HY000] [2002] No connection could be made because the target machine actively refused it
[2025-11-27 08:03:47] [error] Reports API error: Database connection failed: SQLSTATE[HY000] [2002] No connection could be made because the target machine actively refused it
[2025-11-27 08:03:52] [error] Transactions list error: Database connection failed: SQLSTATE[HY000] [2002] No connection could be made because the target machine actively refused it
[2025-11-27 08:03:53] [error] Rules API error: Database connection failed: SQLSTATE[HY000] [2002] No connection could be made because the target machine actively refused it
[2025-11-27 08:04:30] [error] Reports API error: Database connection failed: SQLSTATE[HY000] [2002] No connection could be made because the target machine actively refused it
