[2025-12-01 01:12:51] [debug] Login attempt | {"username":"Daniel","password_length":10}
[2025-12-01 01:12:51] [debug] Password check | {"hash":"$2y$10$QXqGBTAuza5iMO5HNGPn3OKqMoThYhUE1Twt3w0T7..Umpcln\/hR2","verify_result":true}
[2025-12-01 02:25:31] [info] Moved 1 receipt(s) to Reimbursed folder for transaction 7520
[2025-12-01 02:30:29] [info] Moved 1 receipt(s) to Reimbursed folder for transaction 7199
[2025-12-01 02:30:42] [info] Moved 1 receipt(s) to Reimbursed folder for transaction 6075
[2025-12-01 02:45:43] [error] Query error: SQLSTATE[HY000]: General error: 2006 MySQL server has gone away | {"sql":"SELECT id, created_at FROM import_batches WHERE file_hash = :hash AND account_id = :account_id"}
[2025-12-01 02:45:43] [error] Import error: SQLSTATE[HY000]: General error: 2006 MySQL server has gone away
[2025-12-01 02:45:57] [error] Import error: Database connection failed: SQLSTATE[HY000] [2002] No connection could be made because the target machine actively refused it
[2025-12-01 02:48:20] [info] Moved 1 receipt(s) to Reimbursed folder for transaction 8142
[2025-12-01 03:01:46] [info] Moved 0 receipt(s) to Reimbursed folder for transaction 8142
[2025-12-01 03:05:55] [info] Moved 0 receipt(s) to Reimbursed folder for transaction 8142
[2025-12-01 03:16:02] [info] Moved 1 receipt(s) to Reimbursed folder for transaction 8142
[2025-12-01 03:16:23] [info] Moved 0 receipt(s) to Reimbursed folder for transaction 8142
[2025-12-01 03:21:21] [info] Moved 1 receipt(s) to Reimbursed folder for transaction 8553
[2025-12-01 05:15:17] [info] Moved 1 receipt(s) to Reimbursed folder for transaction 8142
[2025-12-01 05:24:18] [info] Moved 0 receipt(s) to Reimbursed folder for transaction 8142
[2025-12-01 05:57:09] [info] Moved 0 receipt(s) to Reimbursed folder for transaction 8142
[2025-12-01 06:04:04] [info] Moved 0 receipt(s) to Reimbursed folder for transaction 8142
[2025-12-01 06:04:42] [info] Moved 0 receipt(s) to Reimbursed folder for transaction 8142
[2025-12-01 06:23:35] [debug] Login attempt | {"username":"daniel","password_length":14}
[2025-12-01 06:23:35] [debug] Password check | {"hash":"$2y$10$QXqGBTAuza5iMO5HNGPn3OKqMoThYhUE1Twt3w0T7..Umpcln\/hR2","verify_result":false}
[2025-12-01 06:23:53] [debug] Login attempt | {"username":"daniel","password_length":10}
[2025-12-01 06:23:53] [debug] Password check | {"hash":"$2y$10$QXqGBTAuza5iMO5HNGPn3OKqMoThYhUE1Twt3w0T7..Umpcln\/hR2","verify_result":true}
[2025-12-01 23:30:48] [debug] Login attempt | {"username":"Daniel","password_length":10}
[2025-12-01 23:30:48] [debug] Password check | {"hash":"$2y$10$sWj4eszdkW5sxSTeV.yanuzkTrd0h4lFlTJSqo.v2n9r07cRs25wO","verify_result":true}
