[2025-11-29 00:17:24] [info] Deleted 39 transaction(s): 3607, 3645, 3608, 3610, 3609, 3611, 3612, 3614, 3613, 3615, 3616, 3617, 3618, 3619, 3620, 3621, 3644, 3643, 3642, 3641, 3640, 3639, 3638, 3637, 3636, 3635, 3634, 3633, 3632, 3631, 3630, 3629, 3628, 3627, 3626, 3625, 3624, 3623, 3622
[2025-11-29 00:24:57] [info] Deleted 15 transaction(s): 3667, 3668, 3670, 3669, 3671, 3672, 3673, 3674, 3675, 3676, 3677, 3681, 3680, 3679, 3678
[2025-11-29 00:25:20] [info] Deleted 21 transaction(s): 3666, 3665, 3664, 3663, 3662, 3661, 3660, 3659, 3658, 3657, 3656, 3655, 3654, 3653, 3652, 3651, 3650, 3649, 3648, 3647, 3646
[2025-11-29 03:14:18] [info] Deleted 2 transaction(s): 4029, 4699
[2025-11-29 03:14:47] [info] Deleted 4 transaction(s): 4148, 4156, 4192, 4201
[2025-11-29 04:38:48] [error] Query error: SQLSTATE[42S22]: Column not found: 1054 Unknown column 'b.period_type' in 'field list' | {"sql":"SELECT\n                b.id,\n                b.category_id,\n                b.amount as budget_amount,\n                b.period_type,\n                c.name as category_name,\n                c.icon as category_icon,\n                c.color as category_color,\n                c.category_type,\n                COALESCE(SUM(ABS(t.amount)), 0) as spent\n             FROM budgets b\n             JOIN categories c ON b.category_id = c.id\n             LEFT JOIN transactions t ON t.category_id = b.category_id\n                  AND t.user_id = b.user_id\n                  AND t.transaction_date BETWEEN :start_date AND :end_date\n             WHERE b.user_id = :user_id\n               AND b.is_active = 1\n             GROUP BY b.id, b.category_id, b.amount, b.period_type,\n                      c.name, c.icon, c.color, c.category_type\n             ORDER BY c.category_type, c.name"}
[2025-11-29 04:38:48] [error] Budget list error: SQLSTATE[42S22]: Column not found: 1054 Unknown column 'b.period_type' in 'field list'
[2025-11-29 04:38:53] [error] Query error: SQLSTATE[42S22]: Column not found: 1054 Unknown column 'a.name' in 'field list' | {"sql":"SELECT r.*,\n                    a.name as account_name,\n                    c.name as category_name,\n                    c.icon as category_icon,\n                    c.color as category_color\n             FROM recurring_transactions r\n             LEFT JOIN accounts a ON r.account_id = a.id\n             LEFT JOIN categories c ON r.category_id = c.id\n             WHERE r.user_id = :user_id\n             ORDER BY r.is_active DESC, r.next_occurrence ASC"}
[2025-11-29 04:38:53] [error] Recurring list error: SQLSTATE[42S22]: Column not found: 1054 Unknown column 'a.name' in 'field list'
[2025-11-29 04:39:08] [error] Query error: SQLSTATE[42S22]: Column not found: 1054 Unknown column 'b.period_type' in 'field list' | {"sql":"SELECT\n                b.id,\n                b.category_id,\n                b.amount as budget_amount,\n                b.period_type,\n                c.name as category_name,\n                c.icon as category_icon,\n                c.color as category_color,\n                c.category_type,\n                COALESCE(SUM(ABS(t.amount)), 0) as spent\n             FROM budgets b\n             JOIN categories c ON b.category_id = c.id\n             LEFT JOIN transactions t ON t.category_id = b.category_id\n                  AND t.user_id = b.user_id\n                  AND t.transaction_date BETWEEN :start_date AND :end_date\n             WHERE b.user_id = :user_id\n               AND b.is_active = 1\n             GROUP BY b.id, b.category_id, b.amount, b.period_type,\n                      c.name, c.icon, c.color, c.category_type\n             ORDER BY c.category_type, c.name"}
[2025-11-29 04:39:08] [error] Budget list error: SQLSTATE[42S22]: Column not found: 1054 Unknown column 'b.period_type' in 'field list'
[2025-11-29 04:39:13] [error] Query error: SQLSTATE[42S22]: Column not found: 1054 Unknown column 'a.name' in 'field list' | {"sql":"SELECT r.*,\n                    a.name as account_name,\n                    c.name as category_name,\n                    c.icon as category_icon,\n                    c.color as category_color\n             FROM recurring_transactions r\n             LEFT JOIN accounts a ON r.account_id = a.id\n             LEFT JOIN categories c ON r.category_id = c.id\n             WHERE r.user_id = :user_id\n             ORDER BY r.is_active DESC, r.next_occurrence ASC"}
[2025-11-29 04:39:13] [error] Recurring list error: SQLSTATE[42S22]: Column not found: 1054 Unknown column 'a.name' in 'field list'
[2025-11-29 04:42:53] [error] Query error: SQLSTATE[42S22]: Column not found: 1054 Unknown column 'b.period_type' in 'field list' | {"sql":"SELECT\n                b.id,\n                b.category_id,\n                b.amount as budget_amount,\n                b.period_type,\n                c.name as category_name,\n                c.icon as category_icon,\n                c.color as category_color,\n                c.category_type,\n                COALESCE(SUM(ABS(t.amount)), 0) as spent\n             FROM budgets b\n             JOIN categories c ON b.category_id = c.id\n             LEFT JOIN transactions t ON t.category_id = b.category_id\n                  AND t.user_id = b.user_id\n                  AND t.transaction_date BETWEEN :start_date AND :end_date\n             WHERE b.user_id = :user_id\n               AND b.is_active = 1\n             GROUP BY b.id, b.category_id, b.amount, b.period_type,\n                      c.name, c.icon, c.color, c.category_type\n             ORDER BY c.category_type, c.name"}
[2025-11-29 04:42:53] [error] Budget list error: SQLSTATE[42S22]: Column not found: 1054 Unknown column 'b.period_type' in 'field list'
[2025-11-29 04:43:21] [error] Query error: SQLSTATE[42S22]: Column not found: 1054 Unknown column 'b.period_type' in 'field list' | {"sql":"SELECT\n                b.id,\n                b.category_id,\n                b.amount as budget_amount,\n                b.period_type,\n                c.name as category_name,\n                c.icon as category_icon,\n                c.color as category_color,\n                c.category_type,\n                COALESCE(SUM(ABS(t.amount)), 0) as spent\n             FROM budgets b\n             JOIN categories c ON b.category_id = c.id\n             LEFT JOIN transactions t ON t.category_id = b.category_id\n                  AND t.user_id = b.user_id\n                  AND t.transaction_date BETWEEN :start_date AND :end_date\n             WHERE b.user_id = :user_id\n               AND b.is_active = 1\n             GROUP BY b.id, b.category_id, b.amount, b.period_type,\n                      c.name, c.icon, c.color, c.category_type\n             ORDER BY c.category_type, c.name"}
[2025-11-29 04:43:21] [error] Budget list error: SQLSTATE[42S22]: Column not found: 1054 Unknown column 'b.period_type' in 'field list'
[2025-11-29 05:08:05] [error] Query error: SQLSTATE[42S22]: Column not found: 1054 Unknown column 'a.name' in 'field list' | {"sql":"SELECT c.*,\n                       a.name as account_name,\n                       cat.name as category_name,\n                       cat.icon as category_icon\n                FROM checks c\n                LEFT JOIN accounts a ON c.account_id = a.id\n                LEFT JOIN categories cat ON c.category_id = cat.id\n                WHERE c.user_id = :user_id ORDER BY c.check_date DESC, c.check_number DESC"}
[2025-11-29 05:08:05] [error] Checks list error: SQLSTATE[42S22]: Column not found: 1054 Unknown column 'a.name' in 'field list'
[2025-11-29 05:08:07] [error] Query error: SQLSTATE[42S22]: Column not found: 1054 Unknown column 'a.name' in 'field list' | {"sql":"SELECT c.*,\n                       a.name as account_name,\n                       cat.name as category_name,\n                       cat.icon as category_icon\n                FROM checks c\n                LEFT JOIN accounts a ON c.account_id = a.id\n                LEFT JOIN categories cat ON c.category_id = cat.id\n                WHERE c.user_id = :user_id ORDER BY c.check_date DESC, c.check_number DESC"}
[2025-11-29 05:08:07] [error] Checks list error: SQLSTATE[42S22]: Column not found: 1054 Unknown column 'a.name' in 'field list'
[2025-11-29 05:08:49] [error] Query error: SQLSTATE[42S22]: Column not found: 1054 Unknown column 'a.name' in 'field list' | {"sql":"SELECT r.*,\n                    a.name as account_name,\n                    c.name as category_name,\n                    c.icon as category_icon,\n                    c.color as category_color\n             FROM recurring_transactions r\n             LEFT JOIN accounts a ON r.account_id = a.id\n             LEFT JOIN categories c ON r.category_id = c.id\n             WHERE r.user_id = :user_id\n             ORDER BY r.is_active DESC, r.next_occurrence ASC"}
[2025-11-29 05:08:49] [error] Recurring list error: SQLSTATE[42S22]: Column not found: 1054 Unknown column 'a.name' in 'field list'
[2025-11-29 05:11:37] [error] Query error: SQLSTATE[42S22]: Column not found: 1054 Unknown column 'a.name' in 'field list' | {"sql":"SELECT r.*,\n                    a.name as account_name,\n                    c.name as category_name,\n                    c.icon as category_icon,\n                    c.color as category_color\n             FROM recurring_transactions r\n             LEFT JOIN accounts a ON r.account_id = a.id\n             LEFT JOIN categories c ON r.category_id = c.id\n             WHERE r.user_id = :user_id\n             ORDER BY r.is_active DESC, r.next_occurrence ASC"}
[2025-11-29 05:11:37] [error] Recurring list error: SQLSTATE[42S22]: Column not found: 1054 Unknown column 'a.name' in 'field list'
[2025-11-29 05:32:51] [error] Query error: SQLSTATE[42S22]: Column not found: 1054 Unknown column 'a.name' in 'field list' | {"sql":"SELECT r.*,\n                    a.name as account_name,\n                    c.name as category_name,\n                    c.icon as category_icon,\n                    c.color as category_color\n             FROM recurring_transactions r\n             LEFT JOIN accounts a ON r.account_id = a.id\n             LEFT JOIN categories c ON r.category_id = c.id\n             WHERE r.user_id = :user_id\n             ORDER BY r.is_active DESC, r.next_occurrence ASC"}
[2025-11-29 05:32:51] [error] Recurring list error: SQLSTATE[42S22]: Column not found: 1054 Unknown column 'a.name' in 'field list'
[2025-11-29 05:37:45] [error] Query error: SQLSTATE[42S22]: Column not found: 1054 Unknown column 'a.name' in 'field list' | {"sql":"SELECT r.*,\n                    a.name as account_name,\n                    c.name as category_name,\n                    c.icon as category_icon,\n                    c.color as category_color\n             FROM recurring_transactions r\n             LEFT JOIN accounts a ON r.account_id = a.id\n             LEFT JOIN categories c ON r.category_id = c.id\n             WHERE r.user_id = :user_id\n             ORDER BY r.is_active DESC, r.next_occurrence ASC"}
[2025-11-29 05:37:45] [error] Recurring list error: SQLSTATE[42S22]: Column not found: 1054 Unknown column 'a.name' in 'field list'
[2025-11-29 05:37:47] [error] Query error: SQLSTATE[42S22]: Column not found: 1054 Unknown column 'a.name' in 'field list' | {"sql":"SELECT c.*,\n                       a.name as account_name,\n                       cat.name as category_name,\n                       cat.icon as category_icon\n                FROM checks c\n                LEFT JOIN accounts a ON c.account_id = a.id\n                LEFT JOIN categories cat ON c.category_id = cat.id\n                WHERE c.user_id = :user_id ORDER BY c.check_date DESC, c.check_number DESC"}
[2025-11-29 05:37:47] [error] Checks list error: SQLSTATE[42S22]: Column not found: 1054 Unknown column 'a.name' in 'field list'
[2025-11-29 05:38:53] [error] Query error: SQLSTATE[42S22]: Column not found: 1054 Unknown column 'a.name' in 'field list' | {"sql":"SELECT r.*,\n                    a.name as account_name,\n                    c.name as category_name,\n                    c.icon as category_icon,\n                    c.color as category_color\n             FROM recurring_transactions r\n             LEFT JOIN accounts a ON r.account_id = a.id\n             LEFT JOIN categories c ON r.category_id = c.id\n             WHERE r.user_id = :user_id\n             ORDER BY r.is_active DESC, r.next_occurrence ASC"}
[2025-11-29 05:38:53] [error] Recurring list error: SQLSTATE[42S22]: Column not found: 1054 Unknown column 'a.name' in 'field list'
[2025-11-29 05:42:26] [error] Query error: SQLSTATE[42S22]: Column not found: 1054 Unknown column 'a.name' in 'field list' | {"sql":"SELECT c.*,\n                       a.name as account_name,\n                       cat.name as category_name,\n                       cat.icon as category_icon\n                FROM checks c\n                LEFT JOIN accounts a ON c.account_id = a.id\n                LEFT JOIN categories cat ON c.category_id = cat.id\n                WHERE c.user_id = :user_id ORDER BY c.check_date DESC, c.check_number DESC"}
[2025-11-29 05:42:26] [error] Checks list error: SQLSTATE[42S22]: Column not found: 1054 Unknown column 'a.name' in 'field list'
[2025-11-29 05:42:30] [error] Query error: SQLSTATE[42S22]: Column not found: 1054 Unknown column 'a.name' in 'field list' | {"sql":"SELECT c.*,\n                       a.name as account_name,\n                       cat.name as category_name,\n                       cat.icon as category_icon\n                FROM checks c\n                LEFT JOIN accounts a ON c.account_id = a.id\n                LEFT JOIN categories cat ON c.category_id = cat.id\n                WHERE c.user_id = :user_id ORDER BY c.check_date DESC, c.check_number DESC"}
[2025-11-29 05:42:30] [error] Checks list error: SQLSTATE[42S22]: Column not found: 1054 Unknown column 'a.name' in 'field list'
[2025-11-29 05:44:02] [error] Query error: SQLSTATE[42S22]: Column not found: 1054 Unknown column 'a.name' in 'field list' | {"sql":"SELECT r.*,\n                    a.name as account_name,\n                    c.name as category_name,\n                    c.icon as category_icon,\n                    c.color as category_color\n             FROM recurring_transactions r\n             LEFT JOIN accounts a ON r.account_id = a.id\n             LEFT JOIN categories c ON r.category_id = c.id\n             WHERE r.user_id = :user_id\n             ORDER BY r.is_active DESC, r.next_occurrence ASC"}
[2025-11-29 05:44:02] [error] Recurring list error: SQLSTATE[42S22]: Column not found: 1054 Unknown column 'a.name' in 'field list'
[2025-11-29 05:44:50] [error] Query error: SQLSTATE[42S22]: Column not found: 1054 Unknown column 'a.name' in 'field list' | {"sql":"SELECT r.*,\n                    a.name as account_name,\n                    c.name as category_name,\n                    c.icon as category_icon,\n                    c.color as category_color\n             FROM recurring_transactions r\n             LEFT JOIN accounts a ON r.account_id = a.id\n             LEFT JOIN categories c ON r.category_id = c.id\n             WHERE r.user_id = :user_id\n             ORDER BY r.is_active DESC, r.next_occurrence ASC"}
[2025-11-29 05:44:50] [error] Recurring list error: SQLSTATE[42S22]: Column not found: 1054 Unknown column 'a.name' in 'field list'
[2025-11-29 05:45:08] [error] Query error: SQLSTATE[42S22]: Column not found: 1054 Unknown column 'a.name' in 'field list' | {"sql":"SELECT c.*,\n                       a.name as account_name,\n                       cat.name as category_name,\n                       cat.icon as category_icon\n                FROM checks c\n                LEFT JOIN accounts a ON c.account_id = a.id\n                LEFT JOIN categories cat ON c.category_id = cat.id\n                WHERE c.user_id = :user_id ORDER BY c.check_date DESC, c.check_number DESC"}
[2025-11-29 05:45:08] [error] Checks list error: SQLSTATE[42S22]: Column not found: 1054 Unknown column 'a.name' in 'field list'
[2025-11-29 05:46:17] [error] Query error: SQLSTATE[42S22]: Column not found: 1054 Unknown column 'a.name' in 'field list' | {"sql":"SELECT c.*,\n                       a.name as account_name,\n                       cat.name as category_name,\n                       cat.icon as category_icon\n                FROM checks c\n                LEFT JOIN accounts a ON c.account_id = a.id\n                LEFT JOIN categories cat ON c.category_id = cat.id\n                WHERE c.user_id = :user_id ORDER BY c.check_date DESC, c.check_number DESC"}
[2025-11-29 05:46:17] [error] Checks list error: SQLSTATE[42S22]: Column not found: 1054 Unknown column 'a.name' in 'field list'
[2025-11-29 05:46:35] [error] Query error: SQLSTATE[42S22]: Column not found: 1054 Unknown column 'a.name' in 'field list' | {"sql":"SELECT c.*,\n                       a.name as account_name,\n                       cat.name as category_name,\n                       cat.icon as category_icon\n                FROM checks c\n                LEFT JOIN accounts a ON c.account_id = a.id\n                LEFT JOIN categories cat ON c.category_id = cat.id\n                WHERE c.user_id = :user_id ORDER BY c.check_date DESC, c.check_number DESC"}
[2025-11-29 05:46:35] [error] Checks list error: SQLSTATE[42S22]: Column not found: 1054 Unknown column 'a.name' in 'field list'
[2025-11-29 05:47:35] [error] Query error: SQLSTATE[42S22]: Column not found: 1054 Unknown column 'a.name' in 'field list' | {"sql":"SELECT c.*,\n                       a.name as account_name,\n                       cat.name as category_name,\n                       cat.icon as category_icon\n                FROM checks c\n                LEFT JOIN accounts a ON c.account_id = a.id\n                LEFT JOIN categories cat ON c.category_id = cat.id\n                WHERE c.user_id = :user_id ORDER BY c.check_date DESC, c.check_number DESC"}
[2025-11-29 05:47:35] [error] Checks list error: SQLSTATE[42S22]: Column not found: 1054 Unknown column 'a.name' in 'field list'
[2025-11-29 05:53:20] [error] Query error: SQLSTATE[42S22]: Column not found: 1054 Unknown column 'a.name' in 'field list' | {"sql":"SELECT r.*,\n                    a.name as account_name,\n                    c.name as category_name,\n                    c.icon as category_icon,\n                    c.color as category_color\n             FROM recurring_transactions r\n             LEFT JOIN accounts a ON r.account_id = a.id\n             LEFT JOIN categories c ON r.category_id = c.id\n             WHERE r.user_id = :user_id\n             ORDER BY r.is_active DESC, r.next_occurrence ASC"}
[2025-11-29 05:53:20] [error] Recurring list error: SQLSTATE[42S22]: Column not found: 1054 Unknown column 'a.name' in 'field list'
[2025-11-29 06:01:11] [error] Query error: SQLSTATE[42S22]: Column not found: 1054 Unknown column 'a.name' in 'field list' | {"sql":"SELECT r.*,\n                    a.name as account_name,\n                    c.name as category_name,\n                    c.icon as category_icon,\n                    c.color as category_color\n             FROM recurring_transactions r\n             LEFT JOIN accounts a ON r.account_id = a.id\n             LEFT JOIN categories c ON r.category_id = c.id\n             WHERE r.user_id = :user_id\n             ORDER BY r.is_active DESC, r.next_occurrence ASC"}
[2025-11-29 06:01:11] [error] Recurring list error: SQLSTATE[42S22]: Column not found: 1054 Unknown column 'a.name' in 'field list'
[2025-11-29 06:02:11] [error] Query error: SQLSTATE[42S22]: Column not found: 1054 Unknown column 'a.name' in 'field list' | {"sql":"SELECT r.*,\n                    a.name as account_name,\n                    c.name as category_name,\n                    c.icon as category_icon,\n                    c.color as category_color\n             FROM recurring_transactions r\n             LEFT JOIN accounts a ON r.account_id = a.id\n             LEFT JOIN categories c ON r.category_id = c.id\n             WHERE r.user_id = :user_id\n             ORDER BY r.is_active DESC, r.next_occurrence ASC"}
[2025-11-29 06:02:11] [error] Recurring list error: SQLSTATE[42S22]: Column not found: 1054 Unknown column 'a.name' in 'field list'
[2025-11-29 06:33:08] [error] Query error: SQLSTATE[42S22]: Column not found: 1054 Unknown column 'a.name' in 'field list' | {"sql":"SELECT r.*,\n                    a.name as account_name,\n                    c.name as category_name,\n                    c.icon as category_icon,\n                    c.color as category_color\n             FROM recurring_transactions r\n             LEFT JOIN accounts a ON r.account_id = a.id\n             LEFT JOIN categories c ON r.category_id = c.id\n             WHERE r.user_id = :user_id\n             ORDER BY r.is_active DESC, r.next_occurrence ASC"}
[2025-11-29 06:33:08] [error] Recurring list error: SQLSTATE[42S22]: Column not found: 1054 Unknown column 'a.name' in 'field list'
[2025-11-29 06:34:38] [error] Query error: SQLSTATE[42S22]: Column not found: 1054 Unknown column 'a.name' in 'field list' | {"sql":"SELECT r.*,\n                    a.name as account_name,\n                    c.name as category_name,\n                    c.icon as category_icon,\n                    c.color as category_color\n             FROM recurring_transactions r\n             LEFT JOIN accounts a ON r.account_id = a.id\n             LEFT JOIN categories c ON r.category_id = c.id\n             WHERE r.user_id = :user_id\n             ORDER BY r.is_active DESC, r.next_occurrence ASC"}
[2025-11-29 06:34:38] [error] Recurring list error: SQLSTATE[42S22]: Column not found: 1054 Unknown column 'a.name' in 'field list'
[2025-11-29 06:34:42] [error] Query error: SQLSTATE[42S22]: Column not found: 1054 Unknown column 'a.name' in 'field list' | {"sql":"SELECT r.*,\n                    a.name as account_name,\n                    c.name as category_name,\n                    c.icon as category_icon,\n                    c.color as category_color\n             FROM recurring_transactions r\n             LEFT JOIN accounts a ON r.account_id = a.id\n             LEFT JOIN categories c ON r.category_id = c.id\n             WHERE r.user_id = :user_id\n             ORDER BY r.is_active DESC, r.next_occurrence ASC"}
[2025-11-29 06:34:42] [error] Recurring list error: SQLSTATE[42S22]: Column not found: 1054 Unknown column 'a.name' in 'field list'
[2025-11-29 06:57:52] [error] Query error: SQLSTATE[42S22]: Column not found: 1054 Unknown column 'a.name' in 'field list' | {"sql":"SELECT r.*,\n                    a.name as account_name,\n                    c.name as category_name,\n                    c.icon as category_icon,\n                    c.color as category_color\n             FROM recurring_transactions r\n             LEFT JOIN accounts a ON r.account_id = a.id\n             LEFT JOIN categories c ON r.category_id = c.id\n             WHERE r.user_id = :user_id\n             ORDER BY r.is_active DESC, r.next_occurrence ASC"}
[2025-11-29 06:57:52] [error] Recurring list error: SQLSTATE[42S22]: Column not found: 1054 Unknown column 'a.name' in 'field list'
[2025-11-29 06:57:53] [error] Query error: SQLSTATE[42S22]: Column not found: 1054 Unknown column 'a.name' in 'field list' | {"sql":"SELECT r.*,\n                    a.name as account_name,\n                    c.name as category_name,\n                    c.icon as category_icon,\n                    c.color as category_color\n             FROM recurring_transactions r\n             LEFT JOIN accounts a ON r.account_id = a.id\n             LEFT JOIN categories c ON r.category_id = c.id\n             WHERE r.user_id = :user_id\n             ORDER BY r.is_active DESC, r.next_occurrence ASC"}
[2025-11-29 06:57:53] [error] Recurring list error: SQLSTATE[42S22]: Column not found: 1054 Unknown column 'a.name' in 'field list'
[2025-11-29 06:57:57] [error] Query error: SQLSTATE[42S22]: Column not found: 1054 Unknown column 'a.name' in 'field list' | {"sql":"SELECT r.*,\n                    a.name as account_name,\n                    c.name as category_name,\n                    c.icon as category_icon,\n                    c.color as category_color\n             FROM recurring_transactions r\n             LEFT JOIN accounts a ON r.account_id = a.id\n             LEFT JOIN categories c ON r.category_id = c.id\n             WHERE r.user_id = :user_id\n             ORDER BY r.is_active DESC, r.next_occurrence ASC"}
[2025-11-29 06:57:57] [error] Recurring list error: SQLSTATE[42S22]: Column not found: 1054 Unknown column 'a.name' in 'field list'
[2025-11-29 06:58:46] [error] Query error: SQLSTATE[42S22]: Column not found: 1054 Unknown column 'a.name' in 'field list' | {"sql":"SELECT r.*,\n                    a.name as account_name,\n                    c.name as category_name,\n                    c.icon as category_icon,\n                    c.color as category_color\n             FROM recurring_transactions r\n             LEFT JOIN accounts a ON r.account_id = a.id\n             LEFT JOIN categories c ON r.category_id = c.id\n             WHERE r.user_id = :user_id\n             ORDER BY r.is_active DESC, r.next_occurrence ASC"}
[2025-11-29 06:58:46] [error] Recurring list error: SQLSTATE[42S22]: Column not found: 1054 Unknown column 'a.name' in 'field list'
[2025-11-29 06:59:09] [error] Query error: SQLSTATE[42S22]: Column not found: 1054 Unknown column 'a.name' in 'field list' | {"sql":"SELECT r.*,\n                    a.name as account_name,\n                    c.name as category_name,\n                    c.icon as category_icon,\n                    c.color as category_color\n             FROM recurring_transactions r\n             LEFT JOIN accounts a ON r.account_id = a.id\n             LEFT JOIN categories c ON r.category_id = c.id\n             WHERE r.user_id = :user_id\n             ORDER BY r.is_active DESC, r.next_occurrence ASC"}
[2025-11-29 06:59:09] [error] Recurring list error: SQLSTATE[42S22]: Column not found: 1054 Unknown column 'a.name' in 'field list'
[2025-11-29 07:01:55] [error] Query error: SQLSTATE[42S22]: Column not found: 1054 Unknown column 'a.name' in 'field list' | {"sql":"SELECT r.*,\n                    a.name as account_name,\n                    c.name as category_name,\n                    c.icon as category_icon,\n                    c.color as category_color\n             FROM recurring_transactions r\n             LEFT JOIN accounts a ON r.account_id = a.id\n             LEFT JOIN categories c ON r.category_id = c.id\n             WHERE r.user_id = :user_id\n             ORDER BY r.is_active DESC, r.next_occurrence ASC"}
[2025-11-29 07:01:55] [error] Recurring list error: SQLSTATE[42S22]: Column not found: 1054 Unknown column 'a.name' in 'field list'
[2025-11-29 07:12:45] [error] Query error: SQLSTATE[42S22]: Column not found: 1054 Unknown column 'a.name' in 'field list' | {"sql":"SELECT r.*,\n                    a.name as account_name,\n                    c.name as category_name,\n                    c.icon as category_icon,\n                    c.color as category_color\n             FROM recurring_transactions r\n             LEFT JOIN accounts a ON r.account_id = a.id\n             LEFT JOIN categories c ON r.category_id = c.id\n             WHERE r.user_id = :user_id\n             ORDER BY r.is_active DESC, r.next_occurrence ASC"}
[2025-11-29 07:12:45] [error] Recurring list error: SQLSTATE[42S22]: Column not found: 1054 Unknown column 'a.name' in 'field list'
[2025-11-29 07:13:28] [error] Query error: SQLSTATE[42S22]: Column not found: 1054 Unknown column 'a.name' in 'field list' | {"sql":"SELECT r.*,\n                    a.name as account_name,\n                    c.name as category_name,\n                    c.icon as category_icon,\n                    c.color as category_color\n             FROM recurring_transactions r\n             LEFT JOIN accounts a ON r.account_id = a.id\n             LEFT JOIN categories c ON r.category_id = c.id\n             WHERE r.user_id = :user_id\n             ORDER BY r.is_active DESC, r.next_occurrence ASC"}
[2025-11-29 07:13:28] [error] Recurring list error: SQLSTATE[42S22]: Column not found: 1054 Unknown column 'a.name' in 'field list'
[2025-11-29 07:50:15] [error] Query error: SQLSTATE[HY093]: Invalid parameter number | {"sql":"SELECT * FROM users WHERE username = :username OR email = :username"}
[2025-11-29 07:50:15] [error] Login error: SQLSTATE[HY093]: Invalid parameter number
[2025-11-29 07:51:17] [error] Query error: SQLSTATE[HY093]: Invalid parameter number | {"sql":"SELECT * FROM users WHERE username = :username OR email = :username"}
[2025-11-29 07:51:17] [error] Login error: SQLSTATE[HY093]: Invalid parameter number
[2025-11-29 07:51:20] [error] Query error: SQLSTATE[HY093]: Invalid parameter number | {"sql":"SELECT * FROM users WHERE username = :username OR email = :username"}
[2025-11-29 07:51:20] [error] Login error: SQLSTATE[HY093]: Invalid parameter number
[2025-11-29 07:52:38] [error] Query error: SQLSTATE[HY093]: Invalid parameter number | {"sql":"SELECT * FROM users WHERE username = :username OR email = :username"}
[2025-11-29 07:52:38] [error] Login error: SQLSTATE[HY093]: Invalid parameter number
[2025-11-29 07:52:40] [error] Query error: SQLSTATE[HY093]: Invalid parameter number | {"sql":"SELECT * FROM users WHERE username = :username OR email = :username"}
[2025-11-29 07:52:40] [error] Login error: SQLSTATE[HY093]: Invalid parameter number
[2025-11-29 07:52:51] [error] Query error: SQLSTATE[HY093]: Invalid parameter number | {"sql":"SELECT * FROM users WHERE username = :username OR email = :username"}
[2025-11-29 07:52:51] [error] Login error: SQLSTATE[HY093]: Invalid parameter number
[2025-11-29 07:52:52] [error] Query error: SQLSTATE[HY093]: Invalid parameter number | {"sql":"SELECT * FROM users WHERE username = :username OR email = :username"}
[2025-11-29 07:52:52] [error] Login error: SQLSTATE[HY093]: Invalid parameter number
[2025-11-29 07:52:59] [error] Query error: SQLSTATE[HY093]: Invalid parameter number | {"sql":"SELECT * FROM users WHERE username = :username OR email = :username"}
[2025-11-29 07:52:59] [error] Login error: SQLSTATE[HY093]: Invalid parameter number
[2025-11-29 07:55:08] [error] Query error: SQLSTATE[HY093]: Invalid parameter number | {"sql":"SELECT * FROM users WHERE username = :username OR email = :username"}
[2025-11-29 07:55:08] [error] Login error: SQLSTATE[HY093]: Invalid parameter number
[2025-11-29 07:56:06] [error] Query error: SQLSTATE[HY093]: Invalid parameter number | {"sql":"SELECT * FROM users WHERE username = :username OR email = :username"}
[2025-11-29 07:56:06] [error] Login error: SQLSTATE[HY093]: Invalid parameter number
[2025-11-29 07:56:13] [error] Query error: SQLSTATE[HY093]: Invalid parameter number | {"sql":"SELECT * FROM users WHERE username = :username OR email = :username"}
[2025-11-29 08:00:50] [debug] Login attempt | {"username":"daniel","password_length":11}
[2025-11-29 08:00:50] [debug] Password check | {"hash":"$2y$10$G\/CdJUiRKFiy\/Hopjb78ouWdYw8EZVc6NGNGukOPspdvlMEgpWB52","verify_result":true}
[2025-11-29 08:01:20] [debug] Login attempt | {"username":"Daniel","password_length":14}
[2025-11-29 08:01:20] [debug] Password check | {"hash":"$2y$10$G\/CdJUiRKFiy\/Hopjb78ouWdYw8EZVc6NGNGukOPspdvlMEgpWB52","verify_result":false}
[2025-11-29 08:01:52] [debug] Login attempt | {"username":"Daniel","password_length":9}
[2025-11-29 08:01:52] [debug] Password check | {"hash":"$2y$10$G\/CdJUiRKFiy\/Hopjb78ouWdYw8EZVc6NGNGukOPspdvlMEgpWB52","verify_result":false}
[2025-11-29 08:02:00] [debug] Login attempt | {"username":"Daniel","password_length":9}
[2025-11-29 08:02:00] [debug] Password check | {"hash":"$2y$10$G\/CdJUiRKFiy\/Hopjb78ouWdYw8EZVc6NGNGukOPspdvlMEgpWB52","verify_result":false}
[2025-11-29 08:02:26] [debug] Login attempt | {"username":"Danny","password_length":9}
[2025-11-29 08:02:27] [debug] Password check | {"hash":"$2y$10$l4AqdNz2n4xp7z1mejAKDOwawpvosRvVjfTtlfz.SkPMEjwU86ShO","verify_result":true}
[2025-11-29 08:04:52] [debug] Login attempt | {"username":"daniel","password_length":8}
[2025-11-29 08:04:52] [debug] Password check | {"hash":"$2y$10$sB6DoKPueWbx4q58u2ELVe5Bvl6H8racSBVZA\/eNPM1ECD0zXjzEu","verify_result":true}
[2025-11-29 08:08:02] [debug] Login attempt | {"username":"Daniel","password_length":14}
[2025-11-29 08:08:02] [debug] Password check | {"hash":"$2y$10$sB6DoKPueWbx4q58u2ELVe5Bvl6H8racSBVZA\/eNPM1ECD0zXjzEu","verify_result":false}
[2025-11-29 08:08:08] [debug] Login attempt | {"username":"Daniel","password_length":8}
[2025-11-29 08:08:08] [debug] Password check | {"hash":"$2y$10$sB6DoKPueWbx4q58u2ELVe5Bvl6H8racSBVZA\/eNPM1ECD0zXjzEu","verify_result":true}
[2025-11-29 08:10:57] [debug] Login attempt | {"username":"hyunji","password_length":10}
[2025-11-29 08:10:57] [debug] Password check | {"hash":"$2y$10$zq.4S7lBRNU0aUNJ4kGHo.tDKNrgfC4HJbabZd5OhlsibxP6FyuYi","verify_result":true}
[2025-11-29 08:20:07] [debug] Login attempt | {"username":"daniel","password_length":8}
[2025-11-29 08:20:07] [debug] Password check | {"hash":"$2y$10$xPeZlpSN.3d7V0D8XVrXeOtdgkIcHzlcF8WEHrmWo5ECHbVZK\/v\/i","verify_result":false}
[2025-11-29 08:20:13] [debug] Login attempt | {"username":"daniel","password_length":10}
[2025-11-29 08:20:13] [debug] Password check | {"hash":"$2y$10$xPeZlpSN.3d7V0D8XVrXeOtdgkIcHzlcF8WEHrmWo5ECHbVZK\/v\/i","verify_result":true}
[2025-11-29 08:22:31] [debug] Login attempt | {"username":"hyunji","password_length":10}
[2025-11-29 08:22:31] [debug] Password check | {"hash":"$2y$10$zq.4S7lBRNU0aUNJ4kGHo.tDKNrgfC4HJbabZd5OhlsibxP6FyuYi","verify_result":true}
[2025-11-29 08:26:08] [debug] Login attempt | {"username":"Daniel","password_length":10}
[2025-11-29 08:26:08] [debug] Password check | {"hash":"$2y$10$xPeZlpSN.3d7V0D8XVrXeOtdgkIcHzlcF8WEHrmWo5ECHbVZK\/v\/i","verify_result":true}
[2025-11-29 08:26:56] [debug] Login attempt | {"username":"Jianiel","password_length":10}
[2025-11-29 08:26:56] [debug] Password check | {"hash":"$2y$10$EOOf50lR29mKBCwUe9aw0e7lbM1jHze96yyDzH7RE5k7d\/Ac06WFi","verify_result":true}
[2025-11-29 08:33:17] [debug] Login attempt | {"username":"Jianiel","password_length":10}
[2025-11-29 08:33:17] [debug] Password check | {"hash":"$2y$10$EOOf50lR29mKBCwUe9aw0e7lbM1jHze96yyDzH7RE5k7d\/Ac06WFi","verify_result":true}
[2025-11-29 08:34:07] [debug] Login attempt | {"username":"Daniel","password_length":10}
[2025-11-29 08:34:07] [debug] Password check | {"hash":"$2y$10$xPeZlpSN.3d7V0D8XVrXeOtdgkIcHzlcF8WEHrmWo5ECHbVZK\/v\/i","verify_result":true}
[2025-11-29 08:55:13] [debug] Login attempt | {"username":"Daniel","password_length":10}
[2025-11-29 08:55:13] [debug] Password check | {"hash":"$2y$10$xPeZlpSN.3d7V0D8XVrXeOtdgkIcHzlcF8WEHrmWo5ECHbVZK\/v\/i","verify_result":true}
[2025-11-29 09:22:46] [debug] Login attempt | {"username":"Daniel","password_length":10}
[2025-11-29 09:22:46] [debug] Password check | {"hash":"$2y$10$xPeZlpSN.3d7V0D8XVrXeOtdgkIcHzlcF8WEHrmWo5ECHbVZK\/v\/i","verify_result":true}
[2025-11-29 19:02:56] [debug] Login attempt | {"username":"hyunji","password_length":10}
[2025-11-29 19:02:56] [debug] Password check | {"hash":"$2y$10$zq.4S7lBRNU0aUNJ4kGHo.tDKNrgfC4HJbabZd5OhlsibxP6FyuYi","verify_result":true}
[2025-11-29 19:07:47] [debug] Login attempt | {"username":"Jianiel","password_length":10}
[2025-11-29 19:07:47] [debug] Password check | {"hash":"$2y$10$EOOf50lR29mKBCwUe9aw0e7lbM1jHze96yyDzH7RE5k7d\/Ac06WFi","verify_result":true}
[2025-11-29 19:08:06] [debug] Login attempt | {"username":"Daniel","password_length":10}
[2025-11-29 19:08:06] [debug] Password check | {"hash":"$2y$10$xPeZlpSN.3d7V0D8XVrXeOtdgkIcHzlcF8WEHrmWo5ECHbVZK\/v\/i","verify_result":true}
[2025-11-29 22:55:33] [debug] Login attempt | {"username":"daniel","password_length":7}
[2025-11-29 22:55:33] [debug] Password check | {"hash":"$2y$10$xPeZlpSN.3d7V0D8XVrXeOtdgkIcHzlcF8WEHrmWo5ECHbVZK\/v\/i","verify_result":false}
[2025-11-29 22:56:15] [debug] Login attempt | {"username":"daniel","password_length":7}
[2025-11-29 22:56:15] [debug] Password check | {"hash":"y\u0000O51GKoF.w0RkSAsbDjoOuRDSLWL5YzwdFv1EGjGhPCXi\/yYbE77O","verify_result":false}
[2025-11-29 22:57:07] [debug] Login attempt | {"username":"daniel","password_length":7}
[2025-11-29 22:57:07] [debug] Password check | {"hash":"$2y$10$A22n4Klr0VNU9z6ZSPxNtuQ5mrrfJAUUeSpFVZjf63CV6iKHQVww2","verify_result":true}
[2025-11-29 22:57:29] [debug] Login attempt | {"username":"Daniel","password_length":10}
[2025-11-29 22:57:29] [debug] Password check | {"hash":"$2y$10$A22n4Klr0VNU9z6ZSPxNtuQ5mrrfJAUUeSpFVZjf63CV6iKHQVww2","verify_result":false}
[2025-11-29 22:57:35] [debug] Login attempt | {"username":"Daniel","password_length":10}
[2025-11-29 22:57:35] [debug] Password check | {"hash":"$2y$10$A22n4Klr0VNU9z6ZSPxNtuQ5mrrfJAUUeSpFVZjf63CV6iKHQVww2","verify_result":false}
[2025-11-29 22:57:38] [debug] Login attempt | {"username":"Daniel","password_length":8}
[2025-11-29 22:57:38] [debug] Password check | {"hash":"$2y$10$A22n4Klr0VNU9z6ZSPxNtuQ5mrrfJAUUeSpFVZjf63CV6iKHQVww2","verify_result":false}
[2025-11-29 22:57:43] [debug] Login attempt | {"username":"Daniel","password_length":11}
[2025-11-29 22:57:43] [debug] Password check | {"hash":"$2y$10$A22n4Klr0VNU9z6ZSPxNtuQ5mrrfJAUUeSpFVZjf63CV6iKHQVww2","verify_result":false}
[2025-11-29 22:57:52] [debug] Login attempt | {"username":"Daniel","password_length":7}
[2025-11-29 22:57:52] [debug] Password check | {"hash":"$2y$10$A22n4Klr0VNU9z6ZSPxNtuQ5mrrfJAUUeSpFVZjf63CV6iKHQVww2","verify_result":true}
[2025-11-29 22:59:34] [debug] Login attempt | {"username":"daniel","password_length":10}
[2025-11-29 22:59:34] [debug] Password check | {"hash":"$2y$10$nAyUyliLthsnA0s\/kojzYeqyhWSL6hufVhvyCm19SKvTAtM1ryPya","verify_result":true}
[2025-11-29 23:32:01] [debug] Login attempt | {"username":"Daniel","password_length":10}
[2025-11-29 23:32:01] [debug] Password check | {"hash":"$2y$10$nAyUyliLthsnA0s\/kojzYeqyhWSL6hufVhvyCm19SKvTAtM1ryPya","verify_result":true}
